0 info it worked if it ends with ok
1 verbose cli [
1 verbose cli   'C:\\Program Files\\nodejs\\node.exe',
1 verbose cli   'D:\\cxh-works\\前端模板\\ciToolPublic\\node_modules\\npm\\bin\\npm-cli.js',
1 verbose cli   'run',
1 verbose cli   'commit'
1 verbose cli ]
2 info using npm@1.3.26
3 info using node@v14.17.4
4 verbose run-script [ 'precommit', 'commit', 'postcommit' ]
5 info precommit xes-citool@0.1.35
6 info commit xes-citool@0.1.35
7 verbose unsafe-perm in lifecycle true
8 info xes-citool@0.1.35 Failed to exec commit script
9 error xes-citool@0.1.35 commit: `node ./package/bin/xes-ciTool.js commit`
9 error Exit status 1
10 error Failed at the xes-citool@0.1.35 commit script.
10 error This is most likely a problem with the xes-citool package,
10 error not with npm itself.
10 error Tell the author that this fails on your system:
10 error     node ./package/bin/xes-ciTool.js commit
10 error You can get their info via:
10 error     npm owner ls xes-citool
10 error There is likely additional logging output above.
11 error System Windows_NT 10.0.18363
12 error command "C:\\Program Files\\nodejs\\node.exe" "D:\\cxh-works\\前端模板\\ciToolPublic\\node_modules\\npm\\bin\\npm-cli.js" "run" "commit"
13 error cwd D:\cxh-works\前端模板\ciToolPublic
14 error node -v v14.17.4
15 error npm -v 1.3.26
16 error code ELIFECYCLE
17 verbose exit [ 1, true ]
